1578361189.6953924 0 0 0 1982 3982
1578361189.6965623 0 0 1 1982 3982
1578361189.6973433 0 0 2 1982 3982
1578361189.698147 0 0 3 1982 3982
1578361189.6989422 0 0 4 1982 3982
1578361189.699737 0 0 5 1982 3982
1578361189.700513 0 0 6 1982 3982
1578361189.7012718 0 0 7 1982 3982
1578361189.7020664 0 0 8 1982 3982
1578361189.7028747 0 0 9 1982 3982
1578361189.7036629 0 0 10 1982 3982
1578361189.7044294 0 0 11 1982 3982
1578361189.7051885 0 0 12 1982 3982
1578361189.7059848 0 0 13 1982 3982
1578361189.7067723 0 0 14 1982 3982
1578361189.7075593 0 0 15 1982 3982
1578361189.708313 0 0 16 1982 3982
1578361189.7091165 0 0 17 1982 3982
1578361189.709908 0 0 18 1982 3982
1578361189.7106981 0 0 19 1982 3982
1578361189.711478 0 0 20 1982 3982
1578361189.712234 0 0 21 1982 3982
1578361189.7130318 0 0 22 1982 3982
1578361189.713834 0 0 23 1982 3982
1578361189.7146132 0 0 24 1982 3982
1578361189.715368 0 0 25 1982 3982
1578361189.7161505 0 0 26 1982 3982
1578361189.7169435 0 0 27 1982 3982
1578361189.7177346 0 0 28 1982 3982
1578361189.718518 0 0 29 1982 3982
1578361189.7192862 0 0 30 1982 3982
1578361189.720099 0 0 31 1982 3982
1578361189.7208917 0 0 32 1982 3982
1578361189.7216854 0 0 33 1982 3982
1578361189.7224648 0 0 34 1982 3982
1578361189.7232244 0 0 35 1982 3982
1578361189.7240205 0 0 36 1982 3982
1578361189.7248166 0 0 37 1982 3982
1578361189.725595 0 0 38 1982 3982
1578361189.7263553 0 0 39 1982 3982
1578361189.727165 0 0 40 1982 3982
1578361189.7279623 0 0 41 1982 3982
1578361189.7287614 0 0 42 1982 3982
1578361189.729536 0 0 43 1982 3982
1578361189.7302947 0 0 44 1982 3982
1578361189.7310944 0 0 45 1982 3982
1578361189.7318974 0 0 46 1982 3982
1578361189.732708 0 0 47 1982 3982
1578361189.7334921 0 0 48 1982 3982
1578361189.7342613 0 0 49 1982 3982
1578361189.7350523 0 0 50 1982 3982
1578361189.7358525 0 0 51 1982 3982
1578361189.7366521 0 0 52 1982 3982
1578361189.7373965 0 0 53 1982 3982
1578361189.738174 0 0 54 1982 3982
1578361189.7389784 0 0 55 1982 3982
1578361189.739765 0 0 56 1982 3982
1578361189.7405603 0 0 57 1982 3982
1578361189.7413232 0 0 58 1982 3982
1578361189.7421107 0 0 59 1982 3982
1578361189.7429135 0 0 60 1982 3982
1578361190.4569309 0 1 0 1995 3988
1578361190.4580681 0 1 1 1995 3988
1578361190.4588873 0 1 2 1995 3988
1578361190.4596903 0 1 3 1995 3988
1578361190.4604907 0 1 4 1995 3988
1578361190.4612532 0 1 5 1995 3988
1578361190.46208 0 1 6 1995 3988
1578361190.4628804 0 1 7 1995 3988
1578361190.4636793 0 1 8 1995 3988
1578361190.4644606 0 1 9 1995 3988
1578361190.4652307 0 1 10 1995 3988
1578361190.466027 0 1 11 1995 3988
1578361190.4668298 0 1 12 1995 3988
1578361190.4676142 0 1 13 1995 3988
1578361190.4683788 0 1 14 1995 3988
1578361190.469176 0 1 15 1995 3988
1578361190.469977 0 1 16 1995 3988
1578361190.4707716 0 1 17 1995 3988
1578361190.4715567 0 1 18 1995 3988
1578361190.4723136 0 1 19 1995 3988
1578361190.473134 0 1 20 1995 3988
1578361190.4739273 0 1 21 1995 3988
1578361190.4747283 0 1 22 1995 3988
1578361190.4755077 0 1 23 1995 3988
1578361190.4762702 0 1 24 1995 3988
1578361190.4770648 0 1 25 1995 3988
1578361190.4778633 0 1 26 1995 3988
1578361190.4786534 0 1 27 1995 3988
1578361190.4794035 0 1 28 1995 3988
1578361190.4801855 0 1 29 1995 3988
1578361190.480986 0 1 30 1995 3988
1578361190.4817815 0 1 31 1995 3988
1578361190.482559 0 1 32 1995 3988
1578361190.4833515 0 1 33 1995 3988
1578361190.4841454 0 1 34 1995 3988
1578361190.4849381 0 1 35 1995 3988
1578361190.4857361 0 1 36 1995 3988
1578361190.486526 0 1 37 1995 3988
1578361190.487291 0 1 38 1995 3988
1578361190.4880993 0 1 39 1995 3988
1578361190.4888968 0 1 40 1995 3988
1578361190.489688 0 1 41 1995 3988
1578361190.4904659 0 1 42 1995 3988
1578361190.4912276 0 1 43 1995 3988
1578361190.4920263 0 1 44 1995 3988
1578361190.4928446 0 1 45 1995 3988
1578361190.49363 0 1 46 1995 3988
1578361190.4943745 0 1 47 1995 3988
1578361190.4951627 0 1 48 1995 3988
1578361190.495955 0 1 49 1995 3988
1578361190.496745 0 1 50 1995 3988
1578361190.497547 0 1 51 1995 3988
1578361190.498306 0 1 52 1995 3988
1578361190.4990962 0 1 53 1995 3988
1578361190.499943 0 1 54 1995 3988
1578361190.500744 0 1 55 1995 3988
1578361190.5015182 0 1 56 1995 3988
1578361190.5022743 0 1 57 1995 3988
1578361190.5030613 0 1 58 1995 3988
1578361190.5038738 0 1 59 1995 3988
1578361190.5046651 0 1 60 1995 3988
1578361191.22286 1 0 0 1981 3981
1578361191.2240443 1 0 1 1981 3981
1578361191.2249515 1 0 2 1981 3981
1578361191.2257886 1 0 3 1981 3981
1578361191.2266648 1 0 4 1981 3981
1578361191.2275639 1 0 5 1981 3981
1578361191.2283669 1 0 6 1981 3981
1578361191.2293413 1 0 7 1981 3981
1578361191.2302153 1 0 8 1981 3981
1578361191.2310677 1 0 9 1981 3981
1578361191.231921 1 0 10 1981 3981
1578361191.2327986 1 0 11 1981 3981
1578361191.233682 1 0 12 1981 3981
1578361191.2345185 1 0 13 1981 3981
1578361191.2353058 1 0 14 1981 3981
1578361191.2361565 1 0 15 1981 3981
1578361191.237009 1 0 16 1981 3981
1578361191.237835 1 0 17 1981 3981
1578361191.2386491 1 0 18 1981 3981
1578361191.2394433 1 0 19 1981 3981
1578361191.24024 1 0 20 1981 3981
1578361191.24107 1 0 21 1981 3981
1578361191.2418895 1 0 22 1981 3981
1578361191.2427099 1 0 23 1981 3981
1578361191.2435129 1 0 24 1981 3981
1578361191.244297 1 0 25 1981 3981
1578361191.2451193 1 0 26 1981 3981
1578361191.245944 1 0 27 1981 3981
1578361191.2467654 1 0 28 1981 3981
1578361191.247573 1 0 29 1981 3981
1578361191.2483578 1 0 30 1981 3981
1578361191.2492101 1 0 31 1981 3981
1578361191.2500367 1 0 32 1981 3981
1578361191.250863 1 0 33 1981 3981
1578361191.2516778 1 0 34 1981 3981
1578361191.2524824 1 0 35 1981 3981
1578361191.2533045 1 0 36 1981 3981
1578361191.2541337 1 0 37 1981 3981
1578361191.2549834 1 0 38 1981 3981
1578361191.2558384 1 0 39 1981 3981
1578361191.2567134 1 0 40 1981 3981
1578361191.25755 1 0 41 1981 3981
1578361191.2583296 1 0 42 1981 3981
1578361191.259197 1 0 43 1981 3981
1578361191.260072 1 0 44 1981 3981
1578361191.2609222 1 0 45 1981 3981
1578361191.261768 1 0 46 1981 3981
1578361191.2625883 1 0 47 1981 3981
1578361191.263382 1 0 48 1981 3981
1578361191.264191 1 0 49 1981 3981
1578361191.2650332 1 0 50 1981 3981
1578361191.2658563 1 0 51 1981 3981
1578361191.266702 1 0 52 1981 3981
1578361191.2675984 1 0 53 1981 3981
1578361191.268444 1 0 54 1981 3981
1578361191.2692587 1 0 55 1981 3981
1578361191.2700784 1 0 56 1981 3981
1578361191.270988 1 0 57 1981 3981
1578361191.271841 1 0 58 1981 3981
1578361191.2727032 1 0 59 1981 3981
1578361191.273535 1 0 60 1981 3981
1578361191.967938 1 1 0 1993 3985
1578361191.9690976 1 1 1 1993 3985
1578361191.9699328 1 1 2 1993 3985
1578361191.970747 1 1 3 1993 3985
1578361191.9715376 1 1 4 1993 3985
1578361191.9723227 1 1 5 1993 3985
1578361191.9731224 1 1 6 1993 3985
1578361191.9739244 1 1 7 1993 3985
1578361191.9747298 1 1 8 1993 3985
1578361191.975513 1 1 9 1993 3985
1578361191.9762785 1 1 10 1993 3985
1578361191.9771018 1 1 11 1993 3985
1578361191.977896 1 1 12 1993 3985
1578361191.9786866 1 1 13 1993 3985
1578361191.9794652 1 1 14 1993 3985
1578361191.9802225 1 1 15 1993 3985
1578361191.9810164 1 1 16 1993 3985
1578361191.9818077 1 1 17 1993 3985
1578361191.9825869 1 1 18 1993 3985
1578361191.9833453 1 1 19 1993 3985
1578361191.9841404 1 1 20 1993 3985
1578361191.984933 1 1 21 1993 3985
1578361191.9857407 1 1 22 1993 3985
1578361191.9866018 1 1 23 1993 3985
1578361191.9874449 1 1 24 1993 3985
1578361191.9882073 1 1 25 1993 3985
1578361191.9889998 1 1 26 1993 3985
1578361191.9898202 1 1 27 1993 3985
1578361191.9905999 1 1 28 1993 3985
1578361191.9913585 1 1 29 1993 3985
1578361191.9921503 1 1 30 1993 3985
1578361191.992948 1 1 31 1993 3985
1578361191.9937432 1 1 32 1993 3985
1578361191.9945195 1 1 33 1993 3985
1578361191.9952867 1 1 34 1993 3985
1578361191.9960814 1 1 35 1993 3985
1578361191.9969041 1 1 36 1993 3985
1578361191.9977527 1 1 37 1993 3985
1578361191.9985318 1 1 38 1993 3985
1578361191.9992988 1 1 39 1993 3985
1578361192.000156 1 1 40 1993 3985
1578361192.0009549 1 1 41 1993 3985
1578361192.0017526 1 1 42 1993 3985
1578361192.002542 1 1 43 1993 3985
1578361192.0033042 1 1 44 1993 3985
1578361192.0041091 1 1 45 1993 3985
1578361192.0049078 1 1 46 1993 3985
1578361192.0057032 1 1 47 1993 3985
1578361192.006709 1 1 48 1993 3985
1578361192.0074983 1 1 49 1993 3985
1578361192.008274 1 1 50 1993 3985
1578361192.009081 1 1 51 1993 3985
1578361192.0098798 1 1 52 1993 3985
1578361192.0106752 1 1 53 1993 3985
1578361192.0114605 1 1 54 1993 3985
1578361192.0122373 1 1 55 1993 3985
1578361192.0130472 1 1 56 1993 3985
1578361192.0138478 1 1 57 1993 3985
1578361192.0146403 1 1 58 1993 3985
1578361192.0153925 1 1 59 1993 3985
1578361192.0162184 1 1 60 1993 3985
1578361192.7463503 1 2 0 1999 3988
1578361192.7475195 1 2 1 1999 3988
1578361192.748325 1 2 2 1999 3988
1578361192.7491434 1 2 3 1999 3988
1578361192.7499878 1 2 4 1999 3988
1578361192.7508132 1 2 5 1999 3988
1578361192.751621 1 2 6 1999 3988
1578361192.7523887 1 2 7 1999 3988
1578361192.7531872 1 2 8 1999 3988
1578361192.7539945 1 2 9 1999 3988
1578361192.7547975 1 2 10 1999 3988
1578361192.755588 1 2 11 1999 3988
1578361192.7563553 1 2 12 1999 3988
1578361192.7571616 1 2 13 1999 3988
1578361192.7579722 1 2 14 1999 3988
1578361192.7587798 1 2 15 1999 3988
1578361192.7595744 1 2 16 1999 3988
1578361192.7603548 1 2 17 1999 3988
1578361192.7611587 1 2 18 1999 3988
1578361192.7620254 1 2 19 1999 3988
1578361192.762833 1 2 20 1999 3988
1578361192.7636356 1 2 21 1999 3988
1578361192.764398 1 2 22 1999 3988
1578361192.7651937 1 2 23 1999 3988
1578361192.7660017 1 2 24 1999 3988
1578361192.7668045 1 2 25 1999 3988
1578361192.7675982 1 2 26 1999 3988
1578361192.7683833 1 2 27 1999 3988
1578361192.7691827 1 2 28 1999 3988
1578361192.7700548 1 2 29 1999 3988
1578361192.770864 1 2 30 1999 3988
1578361192.7716682 1 2 31 1999 3988
1578361192.772457 1 2 32 1999 3988
1578361192.7732291 1 2 33 1999 3988
1578361192.7740347 1 2 34 1999 3988
1578361192.774841 1 2 35 1999 3988
1578361192.7756522 1 2 36 1999 3988
1578361192.7764447 1 2 37 1999 3988
1578361192.7772386 1 2 38 1999 3988
1578361192.7780466 1 2 39 1999 3988
1578361192.7788663 1 2 40 1999 3988
1578361192.7796774 1 2 41 1999 3988
1578361192.7804816 1 2 42 1999 3988
1578361192.7812712 1 2 43 1999 3988
1578361192.7820907 1 2 44 1999 3988
1578361192.782898 1 2 45 1999 3988
1578361192.783706 1 2 46 1999 3988
1578361192.7844963 1 2 47 1999 3988
1578361192.785271 1 2 48 1999 3988
1578361192.786074 1 2 49 1999 3988
1578361192.7868876 1 2 50 1999 3988
1578361192.787708 1 2 51 1999 3988
1578361192.788502 1 2 52 1999 3988
1578361192.7892835 1 2 53 1999 3988
1578361192.7900975 1 2 54 1999 3988
1578361192.7909079 1 2 55 1999 3988
1578361192.7917116 1 2 56 1999 3988
1578361192.792502 1 2 57 1999 3988
1578361192.7932792 1 2 58 1999 3988
1578361192.7940845 1 2 59 1999 3988
1578361192.7948904 1 2 60 1999 3988
1578361193.4935145 2 0 0 1983 3977
1578361193.4947217 2 0 1 1983 3977
1578361193.4955723 2 0 2 1983 3977
1578361193.4963853 2 0 3 1983 3977
1578361193.4972227 2 0 4 1983 3977
1578361193.4980662 2 0 5 1983 3977
1578361193.4989414 2 0 6 1983 3977
1578361193.4998565 2 0 7 1983 3977
1578361193.500765 2 0 8 1983 3977
1578361193.501659 2 0 9 1983 3977
1578361193.5025384 2 0 10 1983 3977
1578361193.5033565 2 0 11 1983 3977
1578361193.504248 2 0 12 1983 3977
1578361193.5051384 2 0 13 1983 3977
1578361193.5060384 2 0 14 1983 3977
1578361193.5069304 2 0 15 1983 3977
1578361193.507793 2 0 16 1983 3977
1578361193.5086477 2 0 17 1983 3977
1578361193.509487 2 0 18 1983 3977
1578361193.5103307 2 0 19 1983 3977
1578361193.5111916 2 0 20 1983 3977
1578361193.512082 2 0 21 1983 3977
1578361193.5129488 2 0 22 1983 3977
1578361193.513838 2 0 23 1983 3977
1578361193.5147018 2 0 24 1983 3977
1578361193.5155218 2 0 25 1983 3977
1578361193.5163267 2 0 26 1983 3977
1578361193.5171607 2 0 27 1983 3977
1578361193.5180008 2 0 28 1983 3977
1578361193.5188377 2 0 29 1983 3977
1578361193.5197608 2 0 30 1983 3977
1578361193.5206578 2 0 31 1983 3977
1578361193.5214922 2 0 32 1983 3977
1578361193.5222979 2 0 33 1983 3977
1578361193.52314 2 0 34 1983 3977
1578361193.5239792 2 0 35 1983 3977
1578361193.5248191 2 0 36 1983 3977
1578361193.525656 2 0 37 1983 3977
1578361193.526481 2 0 38 1983 3977
1578361193.527288 2 0 39 1983 3977
1578361193.5281265 2 0 40 1983 3977
1578361193.5289698 2 0 41 1983 3977
1578361193.5298464 2 0 42 1983 3977
1578361193.5307138 2 0 43 1983 3977
1578361193.5315385 2 0 44 1983 3977
1578361193.5323293 2 0 45 1983 3977
1578361193.5331461 2 0 46 1983 3977
1578361193.5339823 2 0 47 1983 3977
1578361193.534818 2 0 48 1983 3977
1578361193.5356455 2 0 49 1983 3977
1578361193.5364683 2 0 50 1983 3977
1578361193.5372381 2 0 51 1983 3977
1578361193.538072 2 0 52 1983 3977
1578361193.5389094 2 0 53 1983 3977
1578361193.5397415 2 0 54 1983 3977
1578361193.5405574 2 0 55 1983 3977
1578361193.5413504 2 0 56 1983 3977
1578361193.5421784 2 0 57 1983 3977
1578361193.5430112 2 0 58 1983 3977
1578361193.5438428 2 0 59 1983 3977
1578361193.5446706 2 0 60 1983 3977
1578361194.2884295 2 1 0 1989 3978
1578361194.2895784 2 1 1 1989 3978
1578361194.2903812 2 1 2 1989 3978
1578361194.291198 2 1 3 1989 3978
1578361194.2920144 2 1 4 1989 3978
1578361194.2928312 2 1 5 1989 3978
1578361194.2936375 2 1 6 1989 3978
1578361194.2944026 2 1 7 1989 3978
1578361194.295205 2 1 8 1989 3978
1578361194.2960186 2 1 9 1989 3978
1578361194.2968302 2 1 10 1989 3978
1578361194.2976315 2 1 11 1989 3978
1578361194.2983959 2 1 12 1989 3978
1578361194.299193 2 1 13 1989 3978
1578361194.3000028 2 1 14 1989 3978
1578361194.3008664 2 1 15 1989 3978
1578361194.3016706 2 1 16 1989 3978
1578361194.3024683 2 1 17 1989 3978
1578361194.3032448 2 1 18 1989 3978
1578361194.3040574 2 1 19 1989 3978
1578361194.304874 2 1 20 1989 3978
1578361194.3056784 2 1 21 1989 3978
1578361194.3064728 2 1 22 1989 3978
1578361194.3072455 2 1 23 1989 3978
1578361194.308052 2 1 24 1989 3978
1578361194.3088613 2 1 25 1989 3978
1578361194.3096685 2 1 26 1989 3978
1578361194.3104646 2 1 27 1989 3978
1578361194.3112428 2 1 28 1989 3978
1578361194.3120527 2 1 29 1989 3978
1578361194.312865 2 1 30 1989 3978
1578361194.3136728 2 1 31 1989 3978
1578361194.314471 2 1 32 1989 3978
1578361194.3152502 2 1 33 1989 3978
1578361194.3160589 2 1 34 1989 3978
1578361194.3168716 2 1 35 1989 3978
1578361194.317678 2 1 36 1989 3978
1578361194.3184726 2 1 37 1989 3978
1578361194.3192494 2 1 38 1989 3978
1578361194.3200564 2 1 39 1989 3978
1578361194.3208654 2 1 40 1989 3978
1578361194.32167 2 1 41 1989 3978
1578361194.3224618 2 1 42 1989 3978
1578361194.3232338 2 1 43 1989 3978
1578361194.32404 2 1 44 1989 3978
1578361194.3248498 2 1 45 1989 3978
1578361194.3256574 2 1 46 1989 3978
1578361194.3264694 2 1 47 1989 3978
1578361194.3272417 2 1 48 1989 3978
1578361194.328045 2 1 49 1989 3978
1578361194.3288543 2 1 50 1989 3978
1578361194.3296547 2 1 51 1989 3978
1578361194.330436 2 1 52 1989 3978
1578361194.331208 2 1 53 1989 3978
1578361194.3320215 2 1 54 1989 3978
1578361194.3328319 2 1 55 1989 3978
1578361194.333632 2 1 56 1989 3978
1578361194.3343954 2 1 57 1989 3978
1578361194.335193 2 1 58 1989 3978
1578361194.3360014 2 1 59 1989 3978
1578361194.3368063 2 1 60 1989 3978
1578361195.2059958 2 2 0 1992 3977
1578361195.2087874 2 2 1 1992 3977
1578361195.2109663 2 2 2 1992 3977
1578361195.213102 2 2 3 1992 3977
1578361195.2152429 2 2 4 1992 3977
1578361195.217366 2 2 5 1992 3977
1578361195.2195415 2 2 6 1992 3977
1578361195.2216985 2 2 7 1992 3977
1578361195.2238073 2 2 8 1992 3977
1578361195.2259305 2 2 9 1992 3977
1578361195.2280428 2 2 10 1992 3977
1578361195.2301457 2 2 11 1992 3977
1578361195.2322578 2 2 12 1992 3977
1578361195.2343566 2 2 13 1992 3977
1578361195.2365034 2 2 14 1992 3977
1578361195.2386248 2 2 15 1992 3977
1578361195.2407248 2 2 16 1992 3977
1578361195.2428415 2 2 17 1992 3977
1578361195.2449505 2 2 18 1992 3977
1578361195.2470677 2 2 19 1992 3977
1578361195.2491844 2 2 20 1992 3977
1578361195.251289 2 2 21 1992 3977
1578361195.253377 2 2 22 1992 3977
1578361195.255546 2 2 23 1992 3977
1578361195.257668 2 2 24 1992 3977
1578361195.259766 2 2 25 1992 3977
1578361195.2618735 2 2 26 1992 3977
1578361195.263985 2 2 27 1992 3977
1578361195.2660878 2 2 28 1992 3977
1578361195.2682116 2 2 29 1992 3977
1578361195.2703176 2 2 30 1992 3977
1578361195.272415 2 2 31 1992 3977
1578361195.2746067 2 2 32 1992 3977
1578361195.2767143 2 2 33 1992 3977
1578361195.2792957 2 2 34 1992 3977
1578361195.2813916 2 2 35 1992 3977
1578361195.2835732 2 2 36 1992 3977
1578361195.2857094 2 2 37 1992 3977
1578361195.2878287 2 2 38 1992 3977
1578361195.2899492 2 2 39 1992 3977
1578361195.2920668 2 2 40 1992 3977
1578361195.294184 2 2 41 1992 3977
1578361195.2962973 2 2 42 1992 3977
1578361195.2983973 2 2 43 1992 3977
1578361195.3005579 2 2 44 1992 3977
1578361195.3026772 2 2 45 1992 3977
1578361195.3047826 2 2 46 1992 3977
1578361195.306897 2 2 47 1992 3977
1578361195.308998 2 2 48 1992 3977
1578361195.3110955 2 2 49 1992 3977
1578361195.3132124 2 2 50 1992 3977
1578361195.3153043 2 2 51 1992 3977
1578361195.3173938 2 2 52 1992 3977
1578361195.3195536 2 2 53 1992 3977
1578361195.3216796 2 2 54 1992 3977
1578361195.3237739 2 2 55 1992 3977
1578361195.3258898 2 2 56 1992 3977
1578361195.328004 2 2 57 1992 3977
1578361195.3301072 2 2 58 1992 3977
1578361195.3322127 2 2 59 1992 3977
1578361195.3343117 2 2 60 1992 3977
1578361196.187277 2 3 0 1997 3985
1578361196.1885386 2 3 1 1997 3985
1578361196.189373 2 3 2 1997 3985
1578361196.1902149 2 3 3 1997 3985
1578361196.1910605 2 3 4 1997 3985
1578361196.1919038 2 3 5 1997 3985
1578361196.192751 2 3 6 1997 3985
1578361196.1935735 2 3 7 1997 3985
1578361196.1943746 2 3 8 1997 3985
1578361196.1951995 2 3 9 1997 3985
1578361196.196032 2 3 10 1997 3985
1578361196.1968637 2 3 11 1997 3985
1578361196.197697 2 3 12 1997 3985
1578361196.1985145 2 3 13 1997 3985
1578361196.1993146 2 3 14 1997 3985
1578361196.2001438 2 3 15 1997 3985
1578361196.2009785 2 3 16 1997 3985
1578361196.201808 2 3 17 1997 3985
1578361196.202642 2 3 18 1997 3985
1578361196.2034495 2 3 19 1997 3985
1578361196.2042449 2 3 20 1997 3985
1578361196.2050729 2 3 21 1997 3985
1578361196.205908 2 3 22 1997 3985
1578361196.2067382 2 3 23 1997 3985
1578361196.207551 2 3 24 1997 3985
1578361196.2083452 2 3 25 1997 3985
1578361196.209171 2 3 26 1997 3985
1578361196.2099981 2 3 27 1997 3985
1578361196.2108307 2 3 28 1997 3985
1578361196.2116568 2 3 29 1997 3985
1578361196.2124753 2 3 30 1997 3985
1578361196.2132702 2 3 31 1997 3985
1578361196.2141025 2 3 32 1997 3985
1578361196.2149284 2 3 33 1997 3985
1578361196.2157629 2 3 34 1997 3985
1578361196.2165766 2 3 35 1997 3985
1578361196.2173789 2 3 36 1997 3985
1578361196.2181997 2 3 37 1997 3985
1578361196.2190363 2 3 38 1997 3985
1578361196.2198834 2 3 39 1997 3985
1578361196.2207155 2 3 40 1997 3985
1578361196.2215335 2 3 41 1997 3985
1578361196.2223275 2 3 42 1997 3985
1578361196.223159 2 3 43 1997 3985
1578361196.2239888 2 3 44 1997 3985
1578361196.2248154 2 3 45 1997 3985
1578361196.2256427 2 3 46 1997 3985
1578361196.2264526 2 3 47 1997 3985
1578361196.2272465 2 3 48 1997 3985
1578361196.2280707 2 3 49 1997 3985
1578361196.228907 2 3 50 1997 3985
1578361196.2297423 2 3 51 1997 3985
1578361196.230553 2 3 52 1997 3985
1578361196.2313423 2 3 53 1997 3985
1578361196.232167 2 3 54 1997 3985
1578361196.232998 2 3 55 1997 3985
1578361196.233825 2 3 56 1997 3985
1578361196.234647 2 3 57 1997 3985
1578361196.2354622 2 3 58 1997 3985
1578361196.2362535 2 3 59 1997 3985
1578361196.237086 2 3 60 1997 3985
1578361196.9484642 2 4 0 2002 3989
1578361196.9497178 2 4 1 2002 3989
1578361196.9505646 2 4 2 2002 3989
1578361196.9513772 2 4 3 2002 3989
1578361196.9522204 2 4 4 2002 3989
1578361196.9530597 2 4 5 2002 3989
1578361196.9539073 2 4 6 2002 3989
1578361196.9547474 2 4 7 2002 3989
1578361196.9555693 2 4 8 2002 3989
1578361196.9563735 2 4 9 2002 3989
1578361196.9572053 2 4 10 2002 3989
1578361196.9580395 2 4 11 2002 3989
1578361196.9588764 2 4 12 2002 3989
1578361196.9597054 2 4 13 2002 3989
1578361196.9605227 2 4 14 2002 3989
1578361196.9613197 2 4 15 2002 3989
1578361196.962148 2 4 16 2002 3989
1578361196.9629784 2 4 17 2002 3989
1578361196.9638085 2 4 18 2002 3989
1578361196.9646337 2 4 19 2002 3989
1578361196.965437 2 4 20 2002 3989
1578361196.9662328 2 4 21 2002 3989
1578361196.9670594 2 4 22 2002 3989
1578361196.9678915 2 4 23 2002 3989
1578361196.968729 2 4 24 2002 3989
1578361196.9695976 2 4 25 2002 3989
1578361196.9704375 2 4 26 2002 3989
1578361196.9712334 2 4 27 2002 3989
1578361196.9720597 2 4 28 2002 3989
1578361196.9728985 2 4 29 2002 3989
1578361196.9737356 2 4 30 2002 3989
1578361196.9745672 2 4 31 2002 3989
1578361196.9753628 2 4 32 2002 3989
1578361196.9761913 2 4 33 2002 3989
1578361196.9770231 2 4 34 2002 3989
1578361196.9778583 2 4 35 2002 3989
1578361196.978691 2 4 36 2002 3989
1578361196.9795206 2 4 37 2002 3989
1578361196.9803176 2 4 38 2002 3989
1578361196.9811487 2 4 39 2002 3989
1578361196.98199 2 4 40 2002 3989
1578361196.9828308 2 4 41 2002 3989
1578361196.9836607 2 4 42 2002 3989
1578361196.984484 2 4 43 2002 3989
1578361196.9852803 2 4 44 2002 3989
1578361196.9861436 2 4 45 2002 3989
1578361196.9870238 2 4 46 2002 3989
1578361196.9878933 2 4 47 2002 3989
1578361196.988755 2 4 48 2002 3989
1578361196.989624 2 4 49 2002 3989
1578361196.99048 2 4 50 2002 3989
1578361196.991317 2 4 51 2002 3989
1578361196.992184 2 4 52 2002 3989
1578361196.9930537 2 4 53 2002 3989
1578361196.993922 2 4 54 2002 3989
1578361196.9947758 2 4 55 2002 3989
1578361196.995639 2 4 56 2002 3989
1578361196.9964938 2 4 57 2002 3989
1578361196.9973338 2 4 58 2002 3989
1578361196.998201 2 4 59 2002 3989
1578361196.999053 2 4 60 2002 3989
1578361197.7089376 3 0 0 1987 3984
1578361197.7101932 3 0 1 1987 3984
1578361197.7110615 3 0 2 1987 3984
1578361197.711914 3 0 3 1987 3984
1578361197.712767 3 0 4 1987 3984
1578361197.7136087 3 0 5 1987 3984
1578361197.7144055 3 0 6 1987 3984
1578361197.7152338 3 0 7 1987 3984
1578361197.7160747 3 0 8 1987 3984
1578361197.7169168 3 0 9 1987 3984
1578361197.7177656 3 0 10 1987 3984
1578361197.7186038 3 0 11 1987 3984
1578361197.7194028 3 0 12 1987 3984
1578361197.72023 3 0 13 1987 3984
1578361197.7210689 3 0 14 1987 3984
1578361197.7219055 3 0 15 1987 3984
1578361197.722746 3 0 16 1987 3984
1578361197.7235723 3 0 17 1987 3984
1578361197.7243757 3 0 18 1987 3984
1578361197.7252111 3 0 19 1987 3984
1578361197.7260463 3 0 20 1987 3984
1578361197.7268858 3 0 21 1987 3984
1578361197.7277193 3 0 22 1987 3984
1578361197.7285407 3 0 23 1987 3984
1578361197.729337 3 0 24 1987 3984
1578361197.7301667 3 0 25 1987 3984
1578361197.7310052 3 0 26 1987 3984
1578361197.7318456 3 0 27 1987 3984
1578361197.7326891 3 0 28 1987 3984
1578361197.733508 3 0 29 1987 3984
1578361197.7343078 3 0 30 1987 3984
1578361197.735142 3 0 31 1987 3984
1578361197.7359774 3 0 32 1987 3984
1578361197.7368143 3 0 33 1987 3984
1578361197.73765 3 0 34 1987 3984
1578361197.7384748 3 0 35 1987 3984
1578361197.7392757 3 0 36 1987 3984
1578361197.740119 3 0 37 1987 3984
1578361197.7409592 3 0 38 1987 3984
1578361197.7418025 3 0 39 1987 3984
1578361197.7426362 3 0 40 1987 3984
1578361197.74345 3 0 41 1987 3984
1578361197.7442598 3 0 42 1987 3984
1578361197.7450905 3 0 43 1987 3984
1578361197.7459402 3 0 44 1987 3984
1578361197.7467754 3 0 45 1987 3984
1578361197.7476103 3 0 46 1987 3984
1578361197.7483952 3 0 47 1987 3984
1578361197.7492187 3 0 48 1987 3984
1578361197.750064 3 0 49 1987 3984
1578361197.7508984 3 0 50 1987 3984
1578361197.7517319 3 0 51 1987 3984
1578361197.7525673 3 0 52 1987 3984
1578361197.753365 3 0 53 1987 3984
1578361197.754196 3 0 54 1987 3984
1578361197.7550302 3 0 55 1987 3984
1578361197.75587 3 0 56 1987 3984
1578361197.7567172 3 0 57 1987 3984
1578361197.7575357 3 0 58 1987 3984
1578361197.7583313 3 0 59 1987 3984
1578361197.7591689 3 0 60 1987 3984
1578361198.6961613 3 1 0 1999 3994
1578361198.6974385 3 1 1 1999 3994
1578361198.6982698 3 1 2 1999 3994
1578361198.6991153 3 1 3 1999 3994
1578361198.7002814 3 1 4 1999 3994
1578361198.7015383 3 1 5 1999 3994
1578361198.7028267 3 1 6 1999 3994
1578361198.7041285 3 1 7 1999 3994
1578361198.7053547 3 1 8 1999 3994
1578361198.7066767 3 1 9 1999 3994
1578361198.708038 3 1 10 1999 3994
1578361198.7088873 3 1 11 1999 3994
1578361198.7097294 3 1 12 1999 3994
1578361198.710551 3 1 13 1999 3994
1578361198.7113488 3 1 14 1999 3994
1578361198.7121792 3 1 15 1999 3994
1578361198.7130125 3 1 16 1999 3994
1578361198.7138507 3 1 17 1999 3994
1578361198.7146826 3 1 18 1999 3994
1578361198.7155013 3 1 19 1999 3994
1578361198.7162988 3 1 20 1999 3994
1578361198.7173424 3 1 21 1999 3994
1578361198.7181706 3 1 22 1999 3994
1578361198.719013 3 1 23 1999 3994
1578361198.7198532 3 1 24 1999 3994
1578361198.7206898 3 1 25 1999 3994
1578361198.7215135 3 1 26 1999 3994
1578361198.7223172 3 1 27 1999 3994
1578361198.7231512 3 1 28 1999 3994
1578361198.7239947 3 1 29 1999 3994
1578361198.724827 3 1 30 1999 3994
1578361198.725657 3 1 31 1999 3994
1578361198.7264774 3 1 32 1999 3994
1578361198.727279 3 1 33 1999 3994
1578361198.728115 3 1 34 1999 3994
1578361198.7289488 3 1 35 1999 3994
1578361198.729782 3 1 36 1999 3994
1578361198.7306151 3 1 37 1999 3994
1578361198.731403 3 1 38 1999 3994
1578361198.7322283 3 1 39 1999 3994
1578361198.7330642 3 1 40 1999 3994
1578361198.7338982 3 1 41 1999 3994
1578361198.7347388 3 1 42 1999 3994
1578361198.7355587 3 1 43 1999 3994
1578361198.736359 3 1 44 1999 3994
1578361198.7371936 3 1 45 1999 3994
1578361198.7380273 3 1 46 1999 3994
1578361198.7388685 3 1 47 1999 3994
1578361198.7396984 3 1 48 1999 3994
1578361198.7405143 3 1 49 1999 3994
1578361198.7413144 3 1 50 1999 3994
1578361198.7421453 3 1 51 1999 3994
1578361198.7429793 3 1 52 1999 3994
1578361198.7438083 3 1 53 1999 3994
1578361198.744645 3 1 54 1999 3994
1578361198.7454576 3 1 55 1999 3994
1578361198.7462523 3 1 56 1999 3994
1578361198.7470818 3 1 57 1999 3994
1578361198.747913 3 1 58 1999 3994
1578361198.748745 3 1 59 1999 3994
1578361198.7495604 3 1 60 1999 3994
1578361201.3402789 4 0 0 1979 3983
1578361201.3415184 4 0 1 1979 3983
1578361201.3423903 4 0 2 1979 3983
1578361201.3432403 4 0 3 1979 3983
1578361201.344099 4 0 4 1979 3983
1578361201.3449678 4 0 5 1979 3983
1578361201.3458414 4 0 6 1979 3983
1578361201.3466907 4 0 7 1979 3983
1578361201.347521 4 0 8 1979 3983
1578361201.3483317 4 0 9 1979 3983
1578361201.349174 4 0 10 1979 3983
1578361201.35002 4 0 11 1979 3983
1578361201.3508697 4 0 12 1979 3983
1578361201.351715 4 0 13 1979 3983
1578361201.3525443 4 0 14 1979 3983
1578361201.353386 4 0 15 1979 3983
1578361201.3542318 4 0 16 1979 3983
1578361201.3550963 4 0 17 1979 3983
1578361201.355957 4 0 18 1979 3983
1578361201.3567903 4 0 19 1979 3983
1578361201.357635 4 0 20 1979 3983
1578361201.358478 4 0 21 1979 3983
1578361201.3592937 4 0 22 1979 3983
1578361201.360143 4 0 23 1979 3983
1578361201.3609772 4 0 24 1979 3983
1578361201.3618042 4 0 25 1979 3983
1578361201.3626475 4 0 26 1979 3983
1578361201.363482 4 0 27 1979 3983
1578361201.364288 4 0 28 1979 3983
1578361201.3651483 4 0 29 1979 3983
1578361201.36601 4 0 30 1979 3983
1578361201.366862 4 0 31 1979 3983
1578361201.367726 4 0 32 1979 3983
1578361201.36856 4 0 33 1979 3983
1578361201.3693776 4 0 34 1979 3983
1578361201.3702211 4 0 35 1979 3983
1578361201.3710544 4 0 36 1979 3983
1578361201.3718994 4 0 37 1979 3983
1578361201.3727405 4 0 38 1979 3983
1578361201.37361 4 0 39 1979 3983
1578361201.3744364 4 0 40 1979 3983
1578361201.3752909 4 0 41 1979 3983
1578361201.3761113 4 0 42 1979 3983
1578361201.3769298 4 0 43 1979 3983
1578361201.377746 4 0 44 1979 3983
1578361201.3785398 4 0 45 1979 3983
1578361201.3793147 4 0 46 1979 3983
1578361201.3801231 4 0 47 1979 3983
1578361201.3809335 4 0 48 1979 3983
1578361201.3817492 4 0 49 1979 3983
1578361201.3825474 4 0 50 1979 3983
1578361201.3833258 4 0 51 1979 3983
1578361201.3841376 4 0 52 1979 3983
1578361201.3849804 4 0 53 1979 3983
1578361201.3858187 4 0 54 1979 3983
1578361201.3866286 4 0 55 1979 3983
1578361201.3873966 4 0 56 1979 3983
1578361201.3882003 4 0 57 1979 3983
1578361201.3890085 4 0 58 1979 3983
1578361201.3898227 4 0 59 1979 3983
1578361201.390626 4 0 60 1979 3983
1578361203.825859 4 1 0 1983 3985
1578361203.8271232 4 1 1 1983 3985
1578361203.8279977 4 1 2 1983 3985
1578361203.8288538 4 1 3 1983 3985
1578361203.829701 4 1 4 1983 3985
1578361203.830529 4 1 5 1983 3985
1578361203.8313367 4 1 6 1983 3985
1578361203.832175 4 1 7 1983 3985
1578361203.8335114 4 1 8 1983 3985
1578361203.8352232 4 1 9 1983 3985
1578361203.8367534 4 1 10 1983 3985
1578361203.8377976 4 1 11 1983 3985
1578361203.8386364 4 1 12 1983 3985
1578361203.839457 4 1 13 1983 3985
1578361203.8402584 4 1 14 1983 3985
1578361203.8410926 4 1 15 1983 3985
1578361203.8419285 4 1 16 1983 3985
1578361203.8427718 4 1 17 1983 3985
1578361203.8436093 4 1 18 1983 3985
1578361203.8443992 4 1 19 1983 3985
1578361203.8452258 4 1 20 1983 3985
1578361203.8460596 4 1 21 1983 3985
1578361203.8468912 4 1 22 1983 3985
1578361203.8477294 4 1 23 1983 3985
1578361203.8485577 4 1 24 1983 3985
1578361203.8493447 4 1 25 1983 3985
1578361203.8501725 4 1 26 1983 3985
1578361203.851005 4 1 27 1983 3985
1578361203.851837 4 1 28 1983 3985
1578361203.852672 4 1 29 1983 3985
1578361203.8534927 4 1 30 1983 3985
1578361203.854292 4 1 31 1983 3985
1578361203.8551245 4 1 32 1983 3985
1578361203.8559654 4 1 33 1983 3985
1578361203.8567958 4 1 34 1983 3985
1578361203.8576248 4 1 35 1983 3985
1578361203.8584087 4 1 36 1983 3985
1578361203.8592243 4 1 37 1983 3985
1578361203.8600667 4 1 38 1983 3985
1578361203.8609002 4 1 39 1983 3985
1578361203.8617337 4 1 40 1983 3985
1578361203.8625486 4 1 41 1983 3985
1578361203.8633435 4 1 42 1983 3985
1578361203.8641684 4 1 43 1983 3985
1578361203.865008 4 1 44 1983 3985
1578361203.8658435 4 1 45 1983 3985
1578361203.8666742 4 1 46 1983 3985
1578361203.8674889 4 1 47 1983 3985
1578361203.868284 4 1 48 1983 3985
1578361203.8691108 4 1 49 1983 3985
1578361203.8699446 4 1 50 1983 3985
1578361203.8707886 4 1 51 1983 3985
1578361203.8716252 4 1 52 1983 3985
1578361203.8724072 4 1 53 1983 3985
1578361203.8732278 4 1 54 1983 3985
1578361203.8740547 4 1 55 1983 3985
1578361203.8748906 4 1 56 1983 3985
1578361203.8757226 4 1 57 1983 3985
1578361203.8765445 4 1 58 1983 3985
1578361203.8773456 4 1 59 1983 3985
1578361203.878172 4 1 60 1983 3985
1578361205.9674602 4 2 0 1985 3985
1578361205.9702625 4 2 1 1985 3985
1578361205.972453 4 2 2 1985 3985
1578361205.974641 4 2 3 1985 3985
1578361205.9768486 4 2 4 1985 3985
1578361205.978995 4 2 5 1985 3985
1578361205.981191 4 2 6 1985 3985
1578361205.983343 4 2 7 1985 3985
1578361205.9854908 4 2 8 1985 3985
1578361205.9876635 4 2 9 1985 3985
1578361205.9898012 4 2 10 1985 3985
1578361205.9919558 4 2 11 1985 3985
1578361205.9940941 4 2 12 1985 3985
1578361205.996278 4 2 13 1985 3985
1578361205.9983919 4 2 14 1985 3985
1578361206.001438 4 2 15 1985 3985
1578361206.0036378 4 2 16 1985 3985
1578361206.0057807 4 2 17 1985 3985
1578361206.0079796 4 2 18 1985 3985
1578361206.0101008 4 2 19 1985 3985
1578361206.012278 4 2 20 1985 3985
1578361206.0144045 4 2 21 1985 3985
1578361206.0165384 4 2 22 1985 3985
1578361206.0186884 4 2 23 1985 3985
1578361206.0208325 4 2 24 1985 3985
1578361206.022982 4 2 25 1985 3985
1578361206.0251443 4 2 26 1985 3985
1578361206.0273142 4 2 27 1985 3985
1578361206.0294497 4 2 28 1985 3985
1578361206.0315957 4 2 29 1985 3985
1578361206.0337243 4 2 30 1985 3985
1578361206.0358677 4 2 31 1985 3985
1578361206.0379944 4 2 32 1985 3985
1578361206.040162 4 2 33 1985 3985
1578361206.0422926 4 2 34 1985 3985
1578361206.0444052 4 2 35 1985 3985
1578361206.0465302 4 2 36 1985 3985
1578361206.0486817 4 2 37 1985 3985
1578361206.0507965 4 2 38 1985 3985
1578361206.0529163 4 2 39 1985 3985
1578361206.0550349 4 2 40 1985 3985
1578361206.0571914 4 2 41 1985 3985
1578361206.059327 4 2 42 1985 3985
1578361206.0614376 4 2 43 1985 3985
1578361206.0635505 4 2 44 1985 3985
1578361206.0656843 4 2 45 1985 3985
1578361206.0678136 4 2 46 1985 3985
1578361206.069932 4 2 47 1985 3985
1578361206.07204 4 2 48 1985 3985
1578361206.0742319 4 2 49 1985 3985
1578361206.0763361 4 2 50 1985 3985
1578361206.0784414 4 2 51 1985 3985
1578361206.0806317 4 2 52 1985 3985
1578361206.0827398 4 2 53 1985 3985
1578361206.084852 4 2 54 1985 3985
1578361206.0869658 4 2 55 1985 3985
1578361206.0891783 4 2 56 1985 3985
1578361206.0913014 4 2 57 1985 3985
1578361206.0934339 4 2 58 1985 3985
1578361206.0955553 4 2 59 1985 3985
1578361206.0976841 4 2 60 1985 3985
1578361208.480418 4 3 0 1989 3991
1578361208.481668 4 3 1 1989 3991
1578361208.4825287 4 3 2 1989 3991
1578361208.4834504 4 3 3 1989 3991
1578361208.4843023 4 3 4 1989 3991
1578361208.4851527 4 3 5 1989 3991
1578361208.4859679 4 3 6 1989 3991
1578361208.4872613 4 3 7 1989 3991
1578361208.4880748 4 3 8 1989 3991
1578361208.4889143 4 3 9 1989 3991
1578361208.4897566 4 3 10 1989 3991
1578361208.4905927 4 3 11 1989 3991
1578361208.4914396 4 3 12 1989 3991
1578361208.4922876 4 3 13 1989 3991
1578361208.49377 4 3 14 1989 3991
1578361208.4954636 4 3 15 1989 3991
1578361208.4970067 4 3 16 1989 3991
1578361208.4978802 4 3 17 1989 3991
1578361208.4987204 4 3 18 1989 3991
1578361208.4995866 4 3 19 1989 3991
1578361208.5004542 4 3 20 1989 3991
1578361208.5013187 4 3 21 1989 3991
1578361208.5021513 4 3 22 1989 3991
1578361208.5029573 4 3 23 1989 3991
1578361208.503807 4 3 24 1989 3991
1578361208.5046477 4 3 25 1989 3991
1578361208.5054824 4 3 26 1989 3991
1578361208.5062973 4 3 27 1989 3991
1578361208.5070775 4 3 28 1989 3991
1578361208.5079312 4 3 29 1989 3991
1578361208.5087419 4 3 30 1989 3991
1578361208.5095441 4 3 31 1989 3991
1578361208.5103571 4 3 32 1989 3991
1578361208.5112827 4 3 33 1989 3991
1578361208.5120766 4 3 34 1989 3991
1578361208.5128796 4 3 35 1989 3991
1578361208.513699 4 3 36 1989 3991
1578361208.514533 4 3 37 1989 3991
1578361208.515347 4 3 38 1989 3991
1578361208.5161505 4 3 39 1989 3991
1578361208.516922 4 3 40 1989 3991
1578361208.517765 4 3 41 1989 3991
1578361208.5185604 4 3 42 1989 3991
1578361208.5193746 4 3 43 1989 3991
1578361208.5201929 4 3 44 1989 3991
1578361208.5210607 4 3 45 1989 3991
1578361208.5218844 4 3 46 1989 3991
1578361208.522702 4 3 47 1989 3991
1578361208.5235004 4 3 48 1989 3991
1578361208.5243435 4 3 49 1989 3991
1578361208.5251539 4 3 50 1989 3991
1578361208.5259364 4 3 51 1989 3991
1578361208.5267723 4 3 52 1989 3991
1578361208.5275815 4 3 53 1989 3991
1578361208.5284102 4 3 54 1989 3991
1578361208.5292134 4 3 55 1989 3991
1578361208.5299911 4 3 56 1989 3991
1578361208.5308404 4 3 57 1989 3991
1578361208.5317326 4 3 58 1989 3991
1578361208.532526 4 3 59 1989 3991
1578361208.5333273 4 3 60 1989 3991
1578361210.4806275 4 4 0 1992 3991
1578361210.4818933 4 4 1 1992 3991
1578361210.4827993 4 4 2 1992 3991
1578361210.4836974 4 4 3 1992 3991
1578361210.4845827 4 4 4 1992 3991
1578361210.4854605 4 4 5 1992 3991
1578361210.4863424 4 4 6 1992 3991
1578361210.4872231 4 4 7 1992 3991
1578361210.488067 4 4 8 1992 3991
1578361210.4889402 4 4 9 1992 3991
1578361210.4898157 4 4 10 1992 3991
1578361210.4906926 4 4 11 1992 3991
1578361210.4915597 4 4 12 1992 3991
1578361210.492436 4 4 13 1992 3991
1578361210.4933114 4 4 14 1992 3991
1578361210.494188 4 4 15 1992 3991
1578361210.4950309 4 4 16 1992 3991
1578361210.4958994 4 4 17 1992 3991
1578361210.496771 4 4 18 1992 3991
1578361210.4976473 4 4 19 1992 3991
1578361210.4985166 4 4 20 1992 3991
1578361210.4993896 4 4 21 1992 3991
1578361210.5002608 4 4 22 1992 3991
1578361210.501098 4 4 23 1992 3991
1578361210.5020316 4 4 24 1992 3991
1578361210.5032141 4 4 25 1992 3991
1578361210.5049412 4 4 26 1992 3991
1578361210.5063522 4 4 27 1992 3991
1578361210.5072236 4 4 28 1992 3991
1578361210.5080607 4 4 29 1992 3991
1578361210.5089247 4 4 30 1992 3991
1578361210.5097911 4 4 31 1992 3991
1578361210.510666 4 4 32 1992 3991
1578361210.5115247 4 4 33 1992 3991
1578361210.5123954 4 4 34 1992 3991
1578361210.513259 4 4 35 1992 3991
1578361210.5140922 4 4 36 1992 3991
1578361210.514946 4 4 37 1992 3991
1578361210.5158129 4 4 38 1992 3991
1578361210.5166824 4 4 39 1992 3991
1578361210.5175443 4 4 40 1992 3991
1578361210.5184128 4 4 41 1992 3991
1578361210.519286 4 4 42 1992 3991
1578361210.52017 4 4 43 1992 3991
1578361210.5210104 4 4 44 1992 3991
1578361210.521895 4 4 45 1992 3991
1578361210.5227728 4 4 46 1992 3991
1578361210.523644 4 4 47 1992 3991
1578361210.5245092 4 4 48 1992 3991
1578361210.525386 4 4 49 1992 3991
1578361210.5262527 4 4 50 1992 3991
1578361210.5270927 4 4 51 1992 3991
1578361210.5279665 4 4 52 1992 3991
1578361210.5288358 4 4 53 1992 3991
1578361210.5297146 4 4 54 1992 3991
1578361210.5305822 4 4 55 1992 3991
1578361210.5314498 4 4 56 1992 3991
1578361210.5323207 4 4 57 1992 3991
1578361210.5331895 4 4 58 1992 3991
1578361210.5340245 4 4 59 1992 3991
1578361210.5348938 4 4 60 1992 3991
1578361212.8296576 5 0 0 1984 3981
1578361212.8308523 5 0 1 1984 3981
1578361212.8317046 5 0 2 1984 3981
1578361212.8325274 5 0 3 1984 3981
1578361212.8333602 5 0 4 1984 3981
1578361212.8341868 5 0 5 1984 3981
1578361212.834977 5 0 6 1984 3981
1578361212.8357966 5 0 7 1984 3981
1578361212.8366082 5 0 8 1984 3981
1578361212.8374283 5 0 9 1984 3981
1578361212.8382463 5 0 10 1984 3981
1578361212.839065 5 0 11 1984 3981
1578361212.839975 5 0 12 1984 3981
1578361212.8407893 5 0 13 1984 3981
1578361212.841602 5 0 14 1984 3981
1578361212.8427835 5 0 15 1984 3981
1578361212.8446507 5 0 16 1984 3981
1578361212.8463306 5 0 17 1984 3981
1578361212.847186 5 0 18 1984 3981
1578361212.8480039 5 0 19 1984 3981
1578361212.8488517 5 0 20 1984 3981
1578361212.8497016 5 0 21 1984 3981
1578361212.8505392 5 0 22 1984 3981
1578361212.851392 5 0 23 1984 3981
1578361212.8522346 5 0 24 1984 3981
1578361212.8530447 5 0 25 1984 3981
1578361212.8538926 5 0 26 1984 3981
1578361212.8547351 5 0 27 1984 3981
1578361212.8555663 5 0 28 1984 3981
1578361212.8564088 5 0 29 1984 3981
1578361212.8572476 5 0 30 1984 3981
1578361212.8580568 5 0 31 1984 3981
1578361212.8588958 5 0 32 1984 3981
1578361212.8597407 5 0 33 1984 3981
1578361212.8605795 5 0 34 1984 3981
1578361212.8614283 5 0 35 1984 3981
1578361212.862272 5 0 36 1984 3981
1578361212.863081 5 0 37 1984 3981
1578361212.8639238 5 0 38 1984 3981
1578361212.864764 5 0 39 1984 3981
1578361212.8655941 5 0 40 1984 3981
1578361212.8664353 5 0 41 1984 3981
1578361212.8673031 5 0 42 1984 3981
1578361212.868137 5 0 43 1984 3981
1578361212.8689473 5 0 44 1984 3981
1578361212.8697956 5 0 45 1984 3981
1578361212.8706295 5 0 46 1984 3981
1578361212.871467 5 0 47 1984 3981
1578361212.8723092 5 0 48 1984 3981
1578361212.8731544 5 0 49 1984 3981
1578361212.8739638 5 0 50 1984 3981
1578361212.8748055 5 0 51 1984 3981
1578361212.875644 5 0 52 1984 3981
1578361212.8764758 5 0 53 1984 3981
1578361212.8773134 5 0 54 1984 3981
1578361212.8781545 5 0 55 1984 3981
1578361212.8789577 5 0 56 1984 3981
1578361212.8798027 5 0 57 1984 3981
1578361212.8806381 5 0 58 1984 3981
1578361212.881475 5 0 59 1984 3981
1578361212.8823152 5 0 60 1984 3981
1578361215.2497265 5 1 0 1988 3983
1578361215.2509224 5 1 1 1988 3983
1578361215.251773 5 1 2 1988 3983
1578361215.252625 5 1 3 1988 3983
1578361215.2534802 5 1 4 1988 3983
1578361215.2543058 5 1 5 1988 3983
1578361215.2551231 5 1 6 1988 3983
1578361215.2559118 5 1 7 1988 3983
1578361215.2567363 5 1 8 1988 3983
1578361215.2575562 5 1 9 1988 3983
1578361215.2583709 5 1 10 1988 3983
1578361215.2591887 5 1 11 1988 3983
1578361215.2599757 5 1 12 1988 3983
1578361215.2607946 5 1 13 1988 3983
1578361215.2616143 5 1 14 1988 3983
1578361215.2624228 5 1 15 1988 3983
1578361215.2632825 5 1 16 1988 3983
1578361215.26408 5 1 17 1988 3983
1578361215.2649195 5 1 18 1988 3983
1578361215.2657862 5 1 19 1988 3983
1578361215.2666395 5 1 20 1988 3983
1578361215.2674806 5 1 21 1988 3983
1578361215.26833 5 1 22 1988 3983
1578361215.2691755 5 1 23 1988 3983
1578361215.2699757 5 1 24 1988 3983
1578361215.2708266 5 1 25 1988 3983
1578361215.2716644 5 1 26 1988 3983
1578361215.2725039 5 1 27 1988 3983
1578361215.273367 5 1 28 1988 3983
1578361215.274214 5 1 29 1988 3983
1578361215.275027 5 1 30 1988 3983
1578361215.2758677 5 1 31 1988 3983
1578361215.2767096 5 1 32 1988 3983
1578361215.2775624 5 1 33 1988 3983
1578361215.2784088 5 1 34 1988 3983
1578361215.2792575 5 1 35 1988 3983
1578361215.2800636 5 1 36 1988 3983
1578361215.280904 5 1 37 1988 3983
1578361215.2817404 5 1 38 1988 3983
1578361215.2826064 5 1 39 1988 3983
1578361215.2834418 5 1 40 1988 3983
1578361215.2842932 5 1 41 1988 3983
1578361215.2850745 5 1 42 1988 3983
1578361215.2858877 5 1 43 1988 3983
1578361215.2867012 5 1 44 1988 3983
1578361215.2875023 5 1 45 1988 3983
1578361215.2883136 5 1 46 1988 3983
1578361215.2890923 5 1 47 1988 3983
1578361215.2898936 5 1 48 1988 3983
1578361215.2907088 5 1 49 1988 3983
1578361215.2915113 5 1 50 1988 3983
1578361215.2923222 5 1 51 1988 3983
1578361215.293172 5 1 52 1988 3983
1578361215.2939668 5 1 53 1988 3983
1578361215.2949927 5 1 54 1988 3983
1578361215.295814 5 1 55 1988 3983
1578361215.2966404 5 1 56 1988 3983
1578361215.2974527 5 1 57 1988 3983
1578361215.2982733 5 1 58 1988 3983
1578361215.2990594 5 1 59 1988 3983
1578361215.2998807 5 1 60 1988 3983
1578361218.2608929 5 2 0 1993 3986
1578361218.2621746 5 2 1 1993 3986
1578361218.2630923 5 2 2 1993 3986
1578361218.2639825 5 2 3 1993 3986
1578361218.2648466 5 2 4 1993 3986
1578361218.2657013 5 2 5 1993 3986
1578361218.2665427 5 2 6 1993 3986
1578361218.2673588 5 2 7 1993 3986
1578361218.2682137 5 2 8 1993 3986
1578361218.2690701 5 2 9 1993 3986
1578361218.2699246 5 2 10 1993 3986
1578361218.2707787 5 2 11 1993 3986
1578361218.2716246 5 2 12 1993 3986
1578361218.2724583 5 2 13 1993 3986
1578361218.2732732 5 2 14 1993 3986
1578361218.2741194 5 2 15 1993 3986
1578361218.2749639 5 2 16 1993 3986
1578361218.275808 5 2 17 1993 3986
1578361218.2766483 5 2 18 1993 3986
1578361218.277475 5 2 19 1993 3986
1578361218.2782843 5 2 20 1993 3986
1578361218.2791262 5 2 21 1993 3986
1578361218.2799714 5 2 22 1993 3986
1578361218.280821 5 2 23 1993 3986
1578361218.2816567 5 2 24 1993 3986
1578361218.282485 5 2 25 1993 3986
1578361218.2832942 5 2 26 1993 3986
1578361218.2841358 5 2 27 1993 3986
1578361218.2849755 5 2 28 1993 3986
1578361218.2858157 5 2 29 1993 3986
1578361218.2866776 5 2 30 1993 3986
1578361218.2875044 5 2 31 1993 3986
1578361218.288315 5 2 32 1993 3986
1578361218.2891572 5 2 33 1993 3986
1578361218.289999 5 2 34 1993 3986
1578361218.2908404 5 2 35 1993 3986
1578361218.291676 5 2 36 1993 3986
1578361218.2925007 5 2 37 1993 3986
1578361218.293307 5 2 38 1993 3986
1578361218.2941785 5 2 39 1993 3986
1578361218.2950242 5 2 40 1993 3986
1578361218.2958705 5 2 41 1993 3986
1578361218.296715 5 2 42 1993 3986
1578361218.297545 5 2 43 1993 3986
1578361218.2983599 5 2 44 1993 3986
1578361218.2991948 5 2 45 1993 3986
1578361218.300036 5 2 46 1993 3986
1578361218.3008835 5 2 47 1993 3986
1578361218.3017232 5 2 48 1993 3986
1578361218.3025486 5 2 49 1993 3986
1578361218.303357 5 2 50 1993 3986
1578361218.3041892 5 2 51 1993 3986
1578361218.3050284 5 2 52 1993 3986
1578361218.3058665 5 2 53 1993 3986
1578361218.3067086 5 2 54 1993 3986
1578361218.3075383 5 2 55 1993 3986
1578361218.308342 5 2 56 1993 3986
1578361218.3091767 5 2 57 1993 3986
1578361218.3100193 5 2 58 1993 3986
1578361218.3108673 5 2 59 1993 3986
1578361218.3117163 5 2 60 1993 3986
1578361220.762379 5 3 0 1996 3989
1578361220.7637005 5 3 1 1996 3989
1578361220.764581 5 3 2 1996 3989
1578361220.7654014 5 3 3 1996 3989
1578361220.7662513 5 3 4 1996 3989
1578361220.7671077 5 3 5 1996 3989
1578361220.7679665 5 3 6 1996 3989
1578361220.7688165 5 3 7 1996 3989
1578361220.7696676 5 3 8 1996 3989
1578361220.7705078 5 3 9 1996 3989
1578361220.7713206 5 3 10 1996 3989
1578361220.7721696 5 3 11 1996 3989
1578361220.773022 5 3 12 1996 3989
1578361220.7738745 5 3 13 1996 3989
1578361220.7747219 5 3 14 1996 3989
1578361220.7755678 5 3 15 1996 3989
1578361220.7763698 5 3 16 1996 3989
1578361220.7772095 5 3 17 1996 3989
1578361220.778055 5 3 18 1996 3989
1578361220.7789 5 3 19 1996 3989
1578361220.7797496 5 3 20 1996 3989
1578361220.7805898 5 3 21 1996 3989
1578361220.7813842 5 3 22 1996 3989
1578361220.782221 5 3 23 1996 3989
1578361220.7830846 5 3 24 1996 3989
1578361220.783932 5 3 25 1996 3989
1578361220.7847755 5 3 26 1996 3989
1578361220.7856157 5 3 27 1996 3989
1578361220.7864308 5 3 28 1996 3989
1578361220.7872443 5 3 29 1996 3989
1578361220.7880912 5 3 30 1996 3989
1578361220.788943 5 3 31 1996 3989
1578361220.7897916 5 3 32 1996 3989
1578361220.790637 5 3 33 1996 3989
1578361220.7914717 5 3 34 1996 3989
1578361220.792284 5 3 35 1996 3989
1578361220.7931325 5 3 36 1996 3989
1578361220.7939796 5 3 37 1996 3989
1578361220.7948282 5 3 38 1996 3989
1578361220.795673 5 3 39 1996 3989
1578361220.7965012 5 3 40 1996 3989
1578361220.7973042 5 3 41 1996 3989
1578361220.7981505 5 3 42 1996 3989
1578361220.7989984 5 3 43 1996 3989
1578361220.7998526 5 3 44 1996 3989
1578361220.8007052 5 3 45 1996 3989
1578361220.8015358 5 3 46 1996 3989
1578361220.8023415 5 3 47 1996 3989
1578361220.8031893 5 3 48 1996 3989
1578361220.8040304 5 3 49 1996 3989
1578361220.8048773 5 3 50 1996 3989
1578361220.805731 5 3 51 1996 3989
1578361220.8065698 5 3 52 1996 3989
1578361220.8073647 5 3 53 1996 3989
1578361220.8082032 5 3 54 1996 3989
1578361220.8090508 5 3 55 1996 3989
1578361220.8098946 5 3 56 1996 3989
1578361220.8107462 5 3 57 1996 3989
1578361220.8115966 5 3 58 1996 3989
1578361220.8123891 5 3 59 1996 3989
1578361220.8132339 5 3 60 1996 3989
1578361223.2043343 5 4 0 2002 3991
1578361223.2071326 5 4 1 2002 3991
1578361223.2093477 5 4 2 2002 3991
1578361223.2115898 5 4 3 2002 3991
1578361223.213747 5 4 4 2002 3991
1578361223.2158837 5 4 5 2002 3991
1578361223.21804 5 4 6 2002 3991
1578361223.2201762 5 4 7 2002 3991
1578361223.2223747 5 4 8 2002 3991
1578361223.224908 5 4 9 2002 3991
1578361223.2270403 5 4 10 2002 3991
1578361223.2291698 5 4 11 2002 3991
1578361223.2312963 5 4 12 2002 3991
1578361223.233409 5 4 13 2002 3991
1578361223.2356057 5 4 14 2002 3991
1578361223.2377303 5 4 15 2002 3991
1578361223.2398663 5 4 16 2002 3991
1578361223.241999 5 4 17 2002 3991
1578361223.2441278 5 4 18 2002 3991
1578361223.246261 5 4 19 2002 3991
1578361223.2483773 5 4 20 2002 3991
1578361223.2505794 5 4 21 2002 3991
1578361223.2527082 5 4 22 2002 3991
1578361223.2548273 5 4 23 2002 3991
1578361223.256982 5 4 24 2002 3991
1578361223.259102 5 4 25 2002 3991
1578361223.2612295 5 4 26 2002 3991
1578361223.2633486 5 4 27 2002 3991
1578361223.265531 5 4 28 2002 3991
1578361223.267688 5 4 29 2002 3991
1578361223.2698174 5 4 30 2002 3991
1578361223.2719467 5 4 31 2002 3991
1578361223.2741625 5 4 32 2002 3991
1578361223.2762997 5 4 33 2002 3991
1578361223.2784157 5 4 34 2002 3991
1578361223.2806282 5 4 35 2002 3991
1578361223.2827547 5 4 36 2002 3991
1578361223.284877 5 4 37 2002 3991
1578361223.2870004 5 4 38 2002 3991
1578361223.289118 5 4 39 2002 3991
1578361223.2912471 5 4 40 2002 3991
1578361223.2933612 5 4 41 2002 3991
1578361223.2955577 5 4 42 2002 3991
1578361223.2976952 5 4 43 2002 3991
1578361223.299811 5 4 44 2002 3991
1578361223.301935 5 4 45 2002 3991
1578361223.3040416 5 4 46 2002 3991
1578361223.3061678 5 4 47 2002 3991
1578361223.3082864 5 4 48 2002 3991
1578361223.3103957 5 4 49 2002 3991
1578361223.3125894 5 4 50 2002 3991
1578361223.3147137 5 4 51 2002 3991
1578361223.3168318 5 4 52 2002 3991
1578361223.31897 5 4 53 2002 3991
1578361223.3211076 5 4 54 2002 3991
1578361223.3232574 5 4 55 2002 3991
1578361223.3253763 5 4 56 2002 3991
1578361223.3275585 5 4 57 2002 3991
1578361223.3297129 5 4 58 2002 3991
1578361223.3318312 5 4 59 2002 3991
1578361223.3339586 5 4 60 2002 3991
1578361225.8206496 6 0 0 1993 3977
1578361225.821901 6 0 1 1993 3977
1578361225.822751 6 0 2 1993 3977
1578361225.8235788 6 0 3 1993 3977
1578361225.824387 6 0 4 1993 3977
1578361225.8251727 6 0 5 1993 3977
1578361225.825985 6 0 6 1993 3977
1578361225.8268402 6 0 7 1993 3977
1578361225.8276544 6 0 8 1993 3977
1578361225.8284545 6 0 9 1993 3977
1578361225.829259 6 0 10 1993 3977
1578361225.8300397 6 0 11 1993 3977
1578361225.8308742 6 0 12 1993 3977
1578361225.8317068 6 0 13 1993 3977
1578361225.8325045 6 0 14 1993 3977
1578361225.8333092 6 0 15 1993 3977
1578361225.8340871 6 0 16 1993 3977
1578361225.834899 6 0 17 1993 3977
1578361225.835707 6 0 18 1993 3977
1578361225.8365314 6 0 19 1993 3977
1578361225.8373346 6 0 20 1993 3977
1578361225.83811 6 0 21 1993 3977
1578361225.8389204 6 0 22 1993 3977
1578361225.8397725 6 0 23 1993 3977
1578361225.8406043 6 0 24 1993 3977
1578361225.8414292 6 0 25 1993 3977
1578361225.8422031 6 0 26 1993 3977
1578361225.8430154 6 0 27 1993 3977
1578361225.8438232 6 0 28 1993 3977
1578361225.8446374 6 0 29 1993 3977
1578361225.8454294 6 0 30 1993 3977
1578361225.846201 6 0 31 1993 3977
1578361225.847001 6 0 32 1993 3977
1578361225.8478138 6 0 33 1993 3977
1578361225.8486235 6 0 34 1993 3977
1578361225.8494205 6 0 35 1993 3977
1578361225.8501978 6 0 36 1993 3977
1578361225.851028 6 0 37 1993 3977
1578361225.8518567 6 0 38 1993 3977
1578361225.852669 6 0 39 1993 3977
1578361225.853873 6 0 40 1993 3977
1578361225.8546937 6 0 41 1993 3977
1578361225.8554983 6 0 42 1993 3977
1578361225.8563125 6 0 43 1993 3977
1578361225.8570902 6 0 44 1993 3977
1578361225.8579028 6 0 45 1993 3977
1578361225.8587153 6 0 46 1993 3977
1578361225.8595183 6 0 47 1993 3977
1578361225.860329 6 0 48 1993 3977
1578361225.8611758 6 0 49 1993 3977
1578361225.8619947 6 0 50 1993 3977
1578361225.86281 6 0 51 1993 3977
1578361225.8636274 6 0 52 1993 3977
1578361225.8644314 6 0 53 1993 3977
1578361225.865208 6 0 54 1993 3977
1578361225.8660069 6 0 55 1993 3977
1578361225.866816 6 0 56 1993 3977
1578361225.8676248 6 0 57 1993 3977
1578361225.8684177 6 0 58 1993 3977
1578361225.8691933 6 0 59 1993 3977
1578361225.8700008 6 0 60 1993 3977
1578361228.416486 6 1 0 1999 3981
1578361228.4177873 6 1 1 1999 3981
1578361228.4186723 6 1 2 1999 3981
1578361228.4195197 6 1 3 1999 3981
1578361228.42038 6 1 4 1999 3981
1578361228.421238 6 1 5 1999 3981
1578361228.4220574 6 1 6 1999 3981
1578361228.422899 6 1 7 1999 3981
1578361228.4237494 6 1 8 1999 3981
1578361228.4245942 6 1 9 1999 3981
1578361228.4254363 6 1 10 1999 3981
1578361228.426284 6 1 11 1999 3981
1578361228.4271228 6 1 12 1999 3981
1578361228.4279408 6 1 13 1999 3981
1578361228.428789 6 1 14 1999 3981
1578361228.4296372 6 1 15 1999 3981
1578361228.4304721 6 1 16 1999 3981
1578361228.4313183 6 1 17 1999 3981
1578361228.4323757 6 1 18 1999 3981
1578361228.4333243 6 1 19 1999 3981
1578361228.4342673 6 1 20 1999 3981
1578361228.4352055 6 1 21 1999 3981
1578361228.436129 6 1 22 1999 3981
1578361228.4370346 6 1 23 1999 3981
1578361228.4379706 6 1 24 1999 3981
1578361228.4389093 6 1 25 1999 3981
1578361228.4398468 6 1 26 1999 3981
1578361228.440783 6 1 27 1999 3981
1578361228.4417255 6 1 28 1999 3981
1578361228.442666 6 1 29 1999 3981
1578361228.4436078 6 1 30 1999 3981
1578361228.4445324 6 1 31 1999 3981
1578361228.4454718 6 1 32 1999 3981
1578361228.4464095 6 1 33 1999 3981
1578361228.4473479 6 1 34 1999 3981
1578361228.44828 6 1 35 1999 3981
1578361228.4492178 6 1 36 1999 3981
1578361228.4501543 6 1 37 1999 3981
1578361228.4510558 6 1 38 1999 3981
1578361228.4519863 6 1 39 1999 3981
1578361228.4529264 6 1 40 1999 3981
1578361228.4538617 6 1 41 1999 3981
1578361228.454805 6 1 42 1999 3981
1578361228.4557536 6 1 43 1999 3981
1578361228.4566967 6 1 44 1999 3981
1578361228.4576387 6 1 45 1999 3981
1578361228.4585698 6 1 46 1999 3981
1578361228.4595063 6 1 47 1999 3981
1578361228.4604518 6 1 48 1999 3981
1578361228.4613843 6 1 49 1999 3981
1578361228.4623296 6 1 50 1999 3981
1578361228.4632666 6 1 51 1999 3981
1578361228.4642115 6 1 52 1999 3981
1578361228.4651375 6 1 53 1999 3981
1578361228.4660456 6 1 54 1999 3981
1578361228.4669907 6 1 55 1999 3981
1578361228.467938 6 1 56 1999 3981
1578361228.4688733 6 1 57 1999 3981
1578361228.4698145 6 1 58 1999 3981
1578361228.470755 6 1 59 1999 3981
1578361228.4716988 6 1 60 1999 3981
1578361230.9751782 6 2 0 2002 3980
1578361230.9779975 6 2 1 2002 3980
1578361230.9802356 6 2 2 2002 3980
1578361230.9824138 6 2 3 2002 3980
1578361230.9846263 6 2 4 2002 3980
1578361230.9868212 6 2 5 2002 3980
1578361230.9889996 6 2 6 2002 3980
1578361230.9921901 6 2 7 2002 3980
1578361230.9992015 6 2 8 2002 3980
1578361231.0017564 6 2 9 2002 3980
1578361231.003902 6 2 10 2002 3980
1578361231.0060558 6 2 11 2002 3980
1578361231.0082452 6 2 12 2002 3980
1578361231.010381 6 2 13 2002 3980
1578361231.012597 6 2 14 2002 3980
1578361231.0147643 6 2 15 2002 3980
1578361231.0169399 6 2 16 2002 3980
1578361231.0190904 6 2 17 2002 3980
1578361231.0212488 6 2 18 2002 3980
1578361231.0233772 6 2 19 2002 3980
1578361231.0255923 6 2 20 2002 3980
1578361231.0277598 6 2 21 2002 3980
1578361231.0299385 6 2 22 2002 3980
1578361231.0320778 6 2 23 2002 3980
1578361231.0342414 6 2 24 2002 3980
1578361231.036378 6 2 25 2002 3980
1578361231.038578 6 2 26 2002 3980
1578361231.0407472 6 2 27 2002 3980
1578361231.0429 6 2 28 2002 3980
1578361231.0450366 6 2 29 2002 3980
1578361231.0471995 6 2 30 2002 3980
1578361231.0493834 6 2 31 2002 3980
1578361231.0516143 6 2 32 2002 3980
1578361231.0537667 6 2 33 2002 3980
1578361231.055917 6 2 34 2002 3980
1578361231.0580535 6 2 35 2002 3980
1578361231.0602138 6 2 36 2002 3980
1578361231.0623658 6 2 37 2002 3980
1578361231.0646002 6 2 38 2002 3980
1578361231.066858 6 2 39 2002 3980
1578361231.0690136 6 2 40 2002 3980
1578361231.0712047 6 2 41 2002 3980
1578361231.0733538 6 2 42 2002 3980
1578361231.0755565 6 2 43 2002 3980
1578361231.0777042 6 2 44 2002 3980
1578361231.079866 6 2 45 2002 3980
1578361231.082022 6 2 46 2002 3980
1578361231.084169 6 2 47 2002 3980
1578361231.0863013 6 2 48 2002 3980
1578361231.088491 6 2 49 2002 3980
1578361231.0906572 6 2 50 2002 3980
1578361231.092809 6 2 51 2002 3980
1578361231.0949545 6 2 52 2002 3980
1578361231.0970814 6 2 53 2002 3980
1578361231.0992253 6 2 54 2002 3980
1578361231.1013536 6 2 55 2002 3980
1578361231.1035597 6 2 56 2002 3980
1578361231.105682 6 2 57 2002 3980
1578361231.1078296 6 2 58 2002 3980
1578361231.1099744 6 2 59 2002 3980
1578361231.1121218 6 2 60 2002 3980
1578361233.5684578 6 3 0 2008 3987
1578361233.5698643 6 3 1 2008 3987
1578361233.5708864 6 3 2 2008 3987
1578361233.5718873 6 3 3 2008 3987
1578361233.5728865 6 3 4 2008 3987
1578361233.5738761 6 3 5 2008 3987
1578361233.5748703 6 3 6 2008 3987
1578361233.5758622 6 3 7 2008 3987
1578361233.5768538 6 3 8 2008 3987
1578361233.5778418 6 3 9 2008 3987
1578361233.5788429 6 3 10 2008 3987
1578361233.5798354 6 3 11 2008 3987
1578361233.5808277 6 3 12 2008 3987
1578361233.5818174 6 3 13 2008 3987
1578361233.5828075 6 3 14 2008 3987
1578361233.5837934 6 3 15 2008 3987
1578361233.5847783 6 3 16 2008 3987
1578361233.5857682 6 3 17 2008 3987
1578361233.5867543 6 3 18 2008 3987
1578361233.587745 6 3 19 2008 3987
1578361233.5887313 6 3 20 2008 3987
1578361233.5897198 6 3 21 2008 3987
1578361233.590704 6 3 22 2008 3987
1578361233.5916934 6 3 23 2008 3987
1578361233.5926743 6 3 24 2008 3987
1578361233.5936477 6 3 25 2008 3987
1578361233.5946233 6 3 26 2008 3987
1578361233.5956082 6 3 27 2008 3987
1578361233.5965881 6 3 28 2008 3987
1578361233.5975575 6 3 29 2008 3987
1578361233.59854 6 3 30 2008 3987
1578361233.5995157 6 3 31 2008 3987
1578361233.6004992 6 3 32 2008 3987
1578361233.6014845 6 3 33 2008 3987
1578361233.6024551 6 3 34 2008 3987
1578361233.6034098 6 3 35 2008 3987
1578361233.6043746 6 3 36 2008 3987
1578361233.6053572 6 3 37 2008 3987
1578361233.606331 6 3 38 2008 3987
1578361233.6073058 6 3 39 2008 3987
1578361233.6082797 6 3 40 2008 3987
1578361233.609258 6 3 41 2008 3987
1578361233.6102498 6 3 42 2008 3987
1578361233.611226 6 3 43 2008 3987
1578361233.6122074 6 3 44 2008 3987
1578361233.6131876 6 3 45 2008 3987
1578361233.6141648 6 3 46 2008 3987
1578361233.6151404 6 3 47 2008 3987
1578361233.6161356 6 3 48 2008 3987
1578361233.6171262 6 3 49 2008 3987
1578361233.618109 6 3 50 2008 3987
1578361233.6191025 6 3 51 2008 3987
1578361233.620085 6 3 52 2008 3987
1578361233.621062 6 3 53 2008 3987
1578361233.6220481 6 3 54 2008 3987
1578361233.6230242 6 3 55 2008 3987
1578361233.6240008 6 3 56 2008 3987
1578361233.6249797 6 3 57 2008 3987
1578361233.6259646 6 3 58 2008 3987
1578361233.6269667 6 3 59 2008 3987
1578361233.6279597 6 3 60 2008 3987
1578361235.9400349 6 4 0 2012 3987
1578361235.9413812 6 4 1 2012 3987
1578361235.9423609 6 4 2 2012 3987
1578361235.9433231 6 4 3 2012 3987
1578361235.9442787 6 4 4 2012 3987
1578361235.9452393 6 4 5 2012 3987
1578361235.9461975 6 4 6 2012 3987
1578361235.9471498 6 4 7 2012 3987
1578361235.9481032 6 4 8 2012 3987
1578361235.9490623 6 4 9 2012 3987
1578361235.9500124 6 4 10 2012 3987
1578361235.9509635 6 4 11 2012 3987
1578361235.9519122 6 4 12 2012 3987
1578361235.952859 6 4 13 2012 3987
1578361235.9538126 6 4 14 2012 3987
1578361235.9547644 6 4 15 2012 3987
1578361235.9557116 6 4 16 2012 3987
1578361235.9566596 6 4 17 2012 3987
1578361235.9575942 6 4 18 2012 3987
1578361235.9585419 6 4 19 2012 3987
1578361235.9594877 6 4 20 2012 3987
1578361235.9603956 6 4 21 2012 3987
1578361235.9613297 6 4 22 2012 3987
1578361235.962269 6 4 23 2012 3987
1578361235.9632182 6 4 24 2012 3987
1578361235.964162 6 4 25 2012 3987
1578361235.9651117 6 4 26 2012 3987
1578361235.9668102 6 4 27 2012 3987
1578361235.967779 6 4 28 2012 3987
1578361235.9687452 6 4 29 2012 3987
1578361235.9697285 6 4 30 2012 3987
1578361235.970695 6 4 31 2012 3987
1578361235.9716544 6 4 32 2012 3987
1578361235.972603 6 4 33 2012 3987
1578361235.9735668 6 4 34 2012 3987
1578361235.9745302 6 4 35 2012 3987
1578361235.9754896 6 4 36 2012 3987
1578361235.9764087 6 4 37 2012 3987
1578361235.9773564 6 4 38 2012 3987
1578361235.97832 6 4 39 2012 3987
1578361235.9792778 6 4 40 2012 3987
1578361235.9802446 6 4 41 2012 3987
1578361235.9812016 6 4 42 2012 3987
1578361235.9821637 6 4 43 2012 3987
1578361235.9831254 6 4 44 2012 3987
1578361235.9840858 6 4 45 2012 3987
1578361235.9850445 6 4 46 2012 3987
1578361235.986002 6 4 47 2012 3987
1578361235.9869578 6 4 48 2012 3987
1578361235.9879117 6 4 49 2012 3987
1578361235.9888623 6 4 50 2012 3987
1578361235.9898157 6 4 51 2012 3987
1578361235.9907682 6 4 52 2012 3987
1578361235.9917226 6 4 53 2012 3987
1578361235.9926708 6 4 54 2012 3987
1578361235.9936087 6 4 55 2012 3987
1578361235.9945579 6 4 56 2012 3987
1578361235.9955072 6 4 57 2012 3987
1578361235.9964416 6 4 58 2012 3987
1578361235.997353 6 4 59 2012 3987
1578361235.998298 6 4 60 2012 3987
1578361238.452679 7 0 0 1992 3974
1578361238.45545 7 0 1 1992 3974
1578361238.457685 7 0 2 1992 3974
1578361238.459854 7 0 3 1992 3974
1578361238.462144 7 0 4 1992 3974
1578361238.4643648 7 0 5 1992 3974
1578361238.4665222 7 0 6 1992 3974
1578361238.4687052 7 0 7 1992 3974
1578361238.4708557 7 0 8 1992 3974
1578361238.4730065 7 0 9 1992 3974
1578361238.475147 7 0 10 1992 3974
1578361238.4773388 7 0 11 1992 3974
1578361238.4794736 7 0 12 1992 3974
1578361238.4816294 7 0 13 1992 3974
1578361238.4837685 7 0 14 1992 3974
1578361238.4859142 7 0 15 1992 3974
1578361238.4880495 7 0 16 1992 3974
1578361238.4902287 7 0 17 1992 3974
1578361238.492427 7 0 18 1992 3974
1578361238.4945807 7 0 19 1992 3974
1578361238.4967263 7 0 20 1992 3974
1578361238.4988534 7 0 21 1992 3974
1578361238.5010512 7 0 22 1992 3974
1578361238.5032313 7 0 23 1992 3974
1578361238.5053759 7 0 24 1992 3974
1578361238.5074909 7 0 25 1992 3974
1578361238.5096548 7 0 26 1992 3974
1578361238.5118861 7 0 27 1992 3974
1578361238.514026 7 0 28 1992 3974
1578361238.5161428 7 0 29 1992 3974
1578361238.5183454 7 0 30 1992 3974
1578361238.5204704 7 0 31 1992 3974
1578361238.5226257 7 0 32 1992 3974
1578361238.5247538 7 0 33 1992 3974
1578361238.5268893 7 0 34 1992 3974
1578361238.5290375 7 0 35 1992 3974
1578361238.5312977 7 0 36 1992 3974
1578361238.53343 7 0 37 1992 3974
1578361238.5356228 7 0 38 1992 3974
1578361238.5377576 7 0 39 1992 3974
1578361238.5399122 7 0 40 1992 3974
1578361238.5420692 7 0 41 1992 3974
1578361238.5442595 7 0 42 1992 3974
1578361238.5464077 7 0 43 1992 3974
1578361238.548576 7 0 44 1992 3974
1578361238.5507185 7 0 45 1992 3974
1578361238.5529706 7 0 46 1992 3974
1578361238.55511 7 0 47 1992 3974
1578361238.557315 7 0 48 1992 3974
1578361238.5594544 7 0 49 1992 3974
1578361238.5616148 7 0 50 1992 3974
1578361238.563795 7 0 51 1992 3974
1578361238.5659466 7 0 52 1992 3974
1578361238.5680852 7 0 53 1992 3974
1578361238.5702798 7 0 54 1992 3974
1578361238.5724273 7 0 55 1992 3974
1578361238.5745666 7 0 56 1992 3974
1578361238.5767071 7 0 57 1992 3974
1578361238.578839 7 0 58 1992 3974
1578361238.581011 7 0 59 1992 3974
1578361238.5831578 7 0 60 1992 3974
Traceback (most recent call last):
  File "/gpfs/slac/kipac/fs1/u/dthomas5/code/miniconda3/envs/core/lib/python3.7/site-packages/astropy/io/fits/header.py", line 2054, in __getitem__
    return self._cards[key].value
KeyError: 'BITPIX'

During handling of the above exception, another exception occurred:

Traceback (most recent call last):
  File "ccdSize.py", line 11, in <module>
    height, width = surv.sequences[i].exposures[j].ccds[i].image.shape
  File "/gpfs/slac/kipac/fs1/u/dthomas5/code/miniconda3/envs/core/lib/python3.7/site-packages/startrails-0.0-py3.7.egg/startrail/api.py", line 26, in _lazy_property
  File "/gpfs/slac/kipac/fs1/u/dthomas5/code/miniconda3/envs/core/lib/python3.7/site-packages/startrails-0.0-py3.7.egg/startrail/api.py", line 147, in ccds
  File "/gpfs/slac/kipac/fs1/u/dthomas5/code/miniconda3/envs/core/lib/python3.7/site-packages/astropy/io/fits/hdu/hdulist.py", line 265, in __getitem__
    max_idx = len(self)
  File "/gpfs/slac/kipac/fs1/u/dthomas5/code/miniconda3/envs/core/lib/python3.7/site-packages/astropy/io/fits/hdu/hdulist.py", line 228, in __len__
    self.readall()
  File "/gpfs/slac/kipac/fs1/u/dthomas5/code/miniconda3/envs/core/lib/python3.7/site-packages/astropy/io/fits/hdu/hdulist.py", line 769, in readall
    while self._read_next_hdu():
  File "/gpfs/slac/kipac/fs1/u/dthomas5/code/miniconda3/envs/core/lib/python3.7/site-packages/astropy/io/fits/hdu/hdulist.py", line 1139, in _read_next_hdu
    hdu = _BaseHDU.readfrom(fileobj, **kwargs)
  File "/gpfs/slac/kipac/fs1/u/dthomas5/code/miniconda3/envs/core/lib/python3.7/site-packages/astropy/io/fits/hdu/base.py", line 328, in readfrom
    **kwargs)
  File "/gpfs/slac/kipac/fs1/u/dthomas5/code/miniconda3/envs/core/lib/python3.7/site-packages/astropy/io/fits/hdu/base.py", line 475, in _readfrom_internal
    size = hdu.size
  File "/gpfs/slac/kipac/fs1/u/dthomas5/code/miniconda3/envs/core/lib/python3.7/site-packages/astropy/io/fits/hdu/base.py", line 948, in size
    bitpix = self._header['BITPIX']
  File "/gpfs/slac/kipac/fs1/u/dthomas5/code/miniconda3/envs/core/lib/python3.7/site-packages/astropy/io/fits/header.py", line 2059, in __getitem__
    return card.value
  File "/gpfs/slac/kipac/fs1/u/dthomas5/code/miniconda3/envs/core/lib/python3.7/site-packages/astropy/io/fits/card.py", line 285, in value
    value = self._value = self._parse_value()
  File "/gpfs/slac/kipac/fs1/u/dthomas5/code/miniconda3/envs/core/lib/python3.7/site-packages/astropy/io/fits/card.py", line 747, in _parse_value
    if self._check_if_rvkc(self._image):
  File "/gpfs/slac/kipac/fs1/u/dthomas5/code/miniconda3/envs/core/lib/python3.7/site-packages/astropy/io/fits/card.py", line 626, in _check_if_rvkc
    if not conf.enable_record_valued_keyword_cards:
  File "/gpfs/slac/kipac/fs1/u/dthomas5/code/miniconda3/envs/core/lib/python3.7/site-packages/astropy/config/configuration.py", line 273, in __get__
    return self()
  File "/gpfs/slac/kipac/fs1/u/dthomas5/code/miniconda3/envs/core/lib/python3.7/site-packages/astropy/config/configuration.py", line 397, in __call__
    if self.name in sec:
KeyboardInterrupt
Traceback (most recent call last):
  File "ccdSize.py", line 1, in <module>
    from startrail.api import Survey
  File "<frozen importlib._bootstrap>", line 983, in _find_and_load
  File "<frozen importlib._bootstrap>", line 967, in _find_and_load_unlocked
  File "<frozen importlib._bootstrap>", line 668, in _load_unlocked
  File "<frozen importlib._bootstrap>", line 638, in _load_backward_compatible
  File "/gpfs/slac/kipac/fs1/u/dthomas5/code/miniconda3/envs/core/lib/python3.7/site-packages/startrails-0.0-py3.7.egg/startrail/api.py", line 5, in <module>
  File "/gpfs/slac/kipac/fs1/u/dthomas5/code/miniconda3/envs/core/lib/python3.7/site-packages/astropy/table/__init__.py", line 57, in <module>
    from .jsviewer import JSViewer
  File "/gpfs/slac/kipac/fs1/u/dthomas5/code/miniconda3/envs/core/lib/python3.7/site-packages/astropy/table/jsviewer.py", line 12, in <module>
    class Conf(_config.ConfigNamespace):
  File "/gpfs/slac/kipac/fs1/u/dthomas5/code/miniconda3/envs/core/lib/python3.7/site-packages/astropy/table/jsviewer.py", line 19, in Conf
    'The URL to the jquery library.')
  File "/gpfs/slac/kipac/fs1/u/dthomas5/code/miniconda3/envs/core/lib/python3.7/site-packages/astropy/config/configuration.py", line 225, in __init__
    module = find_current_module(2)
  File "/gpfs/slac/kipac/fs1/u/dthomas5/code/miniconda3/envs/core/lib/python3.7/site-packages/astropy/utils/introspection.py", line 264, in find_current_module
    return inspect.getmodule(frm)
  File "/gpfs/slac/kipac/fs1/u/dthomas5/code/miniconda3/envs/core/lib/python3.7/inspect.py", line 742, in getmodule
    os.path.realpath(f)] = module.__name__
  File "/gpfs/slac/kipac/fs1/u/dthomas5/code/miniconda3/envs/core/lib/python3.7/posixpath.py", line 395, in realpath
    path, ok = _joinrealpath(filename[:0], filename, {})
  File "/gpfs/slac/kipac/fs1/u/dthomas5/code/miniconda3/envs/core/lib/python3.7/posixpath.py", line 429, in _joinrealpath
    if not islink(newpath):
  File "/gpfs/slac/kipac/fs1/u/dthomas5/code/miniconda3/envs/core/lib/python3.7/posixpath.py", line 171, in islink
    st = os.lstat(path)
KeyboardInterrupt
